Linux 6.18.12+kali-amd64 (kali) 	06/04/2026 	_x86_64_	(4 CPU)

06:24:29 AM   UID       PID    %usr %system  %guest   %wait    %CPU   CPU  Command
06:24:31 AM     0    180443    0.00    0.00    0.00    0.00    0.00     0  dns-firewall
06:24:33 AM     0    180443    0.00    0.00    0.00    0.00    0.00     0  dns-firewall
06:24:35 AM     0    180443    0.00    0.00    0.00    0.00    0.00     0  dns-firewall
06:24:37 AM     0    180443    0.00    0.00    0.00    0.00    0.00     0  dns-firewall
06:24:39 AM     0    180443    0.00    0.00    0.00    0.00    0.00     0  dns-firewall
06:24:41 AM     0    180443    0.00   10.45    0.00    0.00   10.45     0  dns-firewall
06:24:43 AM     0    180443    2.00    6.00    0.00    0.00    8.00     0  dns-firewall
06:24:45 AM     0    180443    0.50    4.50    0.00    0.50    5.00     0  dns-firewall
06:24:47 AM     0    180443    0.50    5.00    0.00    0.00    5.50     1  dns-firewall
06:24:49 AM     0    180443    0.50    5.00    0.00    0.00    5.50     2  dns-firewall
06:24:51 AM     0    180443    1.00    5.00    0.00    0.00    6.00     2  dns-firewall
06:24:53 AM     0    180443    0.50    5.00    0.00    0.50    5.50     2  dns-firewall
06:24:55 AM     0    180443    0.50    5.00    0.00    0.00    5.50     3  dns-firewall
06:24:57 AM     0    180443    0.50    5.00    0.00    0.00    5.50     3  dns-firewall
06:24:59 AM     0    180443    0.50    4.50    0.00    0.50    5.00     2  dns-firewall
06:25:01 AM     0    180443    0.00    5.00    0.00    0.00    5.00     2  dns-firewall
06:25:03 AM     0    180443    0.00    5.00    0.00    0.00    5.00     2  dns-firewall
06:25:05 AM     0    180443    0.50    4.50    0.00    0.50    5.00     2  dns-firewall
06:25:07 AM     0    180443    0.50    5.50    0.00    0.00    6.00     3  dns-firewall
06:25:09 AM     0    180443    0.50    5.00    0.00    0.00    5.50     2  dns-firewall
06:25:11 AM     0    180443    0.50    5.50    0.00    0.00    6.00     2  dns-firewall
06:25:13 AM     0    180443    0.50    5.00    0.00    0.50    5.50     3  dns-firewall
06:25:15 AM     0    180443    0.50    5.00    0.00    0.00    5.50     2  dns-firewall
06:25:17 AM     0    180443    0.50    5.00    0.00    0.00    5.50     2  dns-firewall
06:25:19 AM     0    180443    0.50    5.00    0.00    0.00    5.50     2  dns-firewall
06:25:21 AM     0    180443    0.50    5.00    0.00    0.00    5.50     2  dns-firewall
06:25:23 AM     0    180443    0.50    5.00    0.00    0.00    5.50     3  dns-firewall
06:25:25 AM     0    180443    0.50    5.00    0.00    0.50    5.50     3  dns-firewall
06:25:27 AM     0    180443    0.50    4.48    0.00    0.00    4.98     3  dns-firewall
06:25:29 AM     0    180443    0.50    4.50    0.00    0.00    5.00     0  dns-firewall
06:25:31 AM     0    180443    0.50    5.50    0.00    0.00    6.00     0  dns-firewall
06:25:33 AM     0    180443    0.50    5.50    0.00    0.50    6.00     0  dns-firewall
06:25:35 AM     0    180443    0.50    5.00    0.00    0.00    5.50     1  dns-firewall
06:25:37 AM     0    180443    0.50    5.50    0.00    0.00    6.00     1  dns-firewall
06:25:39 AM     0    180443    0.50    5.00    0.00    0.00    5.50     0  dns-firewall
06:25:41 AM     0    180443    0.50    5.50    0.00    0.00    6.00     0  dns-firewall
06:25:43 AM     0    180443    0.50    5.50    0.00    0.50    6.00     0  dns-firewall
06:25:45 AM     0    180443    0.50    5.00    0.00    0.00    5.50     1  dns-firewall
06:25:47 AM     0    180443    0.50    5.50    0.00    0.00    6.00     1  dns-firewall
06:25:49 AM     0    180443    0.50    5.00    0.00    0.00    5.50     0  dns-firewall
06:25:51 AM     0    180443    0.50    5.50    0.00    0.00    6.00     0  dns-firewall
06:25:53 AM     0    180443    0.00    5.50    0.00    0.50    5.50     0  dns-firewall
06:25:55 AM     0    180443    0.00    6.00    0.00    0.00    6.00     1  dns-firewall
06:25:57 AM     0    180443    0.00    6.00    0.00    0.00    6.00     0  dns-firewall
06:25:59 AM     0    180443    0.00    6.00    0.00    0.00    6.00     1  dns-firewall
06:26:01 AM     0    180443    0.00    5.50    0.00    0.00    5.50     0  dns-firewall
06:26:03 AM     0    180443    0.00    5.50    0.00    0.50    5.50     3  dns-firewall
06:26:05 AM     0    180443    0.50    5.50    0.00    0.00    6.00     2  dns-firewall
06:26:07 AM     0    180443    0.00    5.00    0.00    0.00    5.00     3  dns-firewall
06:26:09 AM     0    180443    0.00    5.50    0.00    0.00    5.50     3  dns-firewall
06:26:11 AM     0    180443    0.00    5.50    0.00    0.00    5.50     3  dns-firewall
06:26:13 AM     0    180443    0.00    5.00    0.00    0.00    5.00     3  dns-firewall
06:26:15 AM     0    180443    0.50    4.48    0.00    0.00    4.98     3  dns-firewall
06:26:17 AM     0    180443    0.00    4.50    0.00    0.00    4.50     3  dns-firewall
06:26:19 AM     0    180443    0.50    4.50    0.00    0.00    5.00     2  dns-firewall
06:26:21 AM     0    180443    0.50    4.50    0.00    0.00    5.00     2  dns-firewall
06:26:23 AM     0    180443    0.00    5.00    0.00    0.50    5.00     2  dns-firewall
06:26:25 AM     0    180443    0.50    5.00    0.00    0.00    5.50     2  dns-firewall
06:26:27 AM     0    180443    0.50    4.50    0.00    0.00    5.00     3  dns-firewall
06:26:29 AM     0    180443    0.50    4.50    0.00    0.00    5.00     3  dns-firewall
06:26:31 AM     0    180443    0.00    4.50    0.00    0.00    4.50     3  dns-firewall
06:26:33 AM     0    180443    0.50    4.50    0.00    0.00    5.00     3  dns-firewall
06:26:35 AM     0    180443    0.50    4.50    0.00    0.00    5.00     3  dns-firewall
06:26:37 AM     0    180443    0.00    4.50    0.00    0.00    4.50     3  dns-firewall
06:26:39 AM     0    180443    0.50    4.50    0.00    0.00    5.00     3  dns-firewall
06:26:41 AM     0    180443    0.50    4.50    0.00    0.00    5.00     2  dns-firewall
06:26:43 AM     0    180443    0.00    4.50    0.00    0.50    4.50     2  dns-firewall
06:26:45 AM     0    180443    0.50    4.50    0.00    0.00    5.00     2  dns-firewall
06:26:47 AM     0    180443    0.50    4.00    0.00    0.00    4.50     2  dns-firewall
06:26:49 AM     0    180443    0.50    5.00    0.00    0.00    5.50     3  dns-firewall
06:26:51 AM     0    180443    0.00    5.00    0.00    0.00    5.00     0  dns-firewall
06:26:53 AM     0    180443    0.50    5.50    0.00    0.00    6.00     1  dns-firewall
06:26:55 AM     0    180443    0.50    5.00    0.00    0.50    5.50     0  dns-firewall
06:26:57 AM     0    180443    0.50    5.50    0.00    0.00    6.00     1  dns-firewall
06:26:59 AM     0    180443    0.00    4.50    0.00    0.00    4.50     0  dns-firewall
06:27:01 AM     0    180443    0.50    4.98    0.00    0.50    5.47     1  dns-firewall
06:27:03 AM     0    180443    0.50    4.50    0.00    0.00    5.00     1  dns-firewall
06:27:05 AM     0    180443    0.50    5.00    0.00    0.50    5.50     3  dns-firewall
06:27:07 AM     0    180443    0.00    5.00    0.00    0.00    5.00     2  dns-firewall
06:27:09 AM     0    180443    0.00    5.00    0.00    0.00    5.00     3  dns-firewall
06:27:11 AM     0    180443    0.00    5.50    0.00    0.00    5.50     3  dns-firewall
06:27:13 AM     0    180443    0.00    5.50    0.00    0.00    5.50     2  dns-firewall
06:27:15 AM     0    180443    0.00    5.50    0.00    0.00    5.50     3  dns-firewall
06:27:17 AM     0    180443    0.00    5.50    0.00    0.00    5.50     3  dns-firewall
06:27:19 AM     0    180443    0.00    5.50    0.00    0.00    5.50     3  dns-firewall
06:27:21 AM     0    180443    0.00    5.50    0.00    0.50    5.50     3  dns-firewall
06:27:23 AM     0    180443    0.00    5.50    0.00    0.00    5.50     2  dns-firewall
06:27:25 AM     0    180443    0.00    5.50    0.00    0.00    5.50     2  dns-firewall
06:27:27 AM     0    180443    0.00    5.50    0.00    0.00    5.50     2  dns-firewall
06:27:29 AM     0    180443    0.50    4.50    0.00    0.00    5.00     2  dns-firewall
06:27:31 AM     0    180443    0.00    4.50    0.00    0.50    4.50     2  dns-firewall
06:27:33 AM     0    180443    0.50    4.50    0.00    0.00    5.00     2  dns-firewall
06:27:35 AM     0    180443    0.00    4.50    0.00    0.00    4.50     2  dns-firewall
06:27:37 AM     0    180443    0.50    4.50    0.00    0.00    5.00     2  dns-firewall
06:27:39 AM     0    180443    0.50    5.00    0.00    0.00    5.50     3  dns-firewall
06:27:41 AM     0    180443    0.00    4.50    0.00    0.00    4.50     3  dns-firewall
06:27:43 AM     0    180443    0.00    4.50    0.00    0.00    4.50     2  dns-firewall
06:27:45 AM     0    180443    0.00    5.00    0.00    0.00    5.00     2  dns-firewall
06:27:47 AM     0    180443    0.00    6.00    0.00    0.00    6.00     3  dns-firewall
06:27:49 AM     0    180443    0.00    5.50    0.00    0.50    5.50     2  dns-firewall
06:27:51 AM     0    180443    0.00    5.00    0.00    0.00    5.00     3  dns-firewall
06:27:53 AM     0    180443    0.00    4.98    0.00    0.00    4.98     2  dns-firewall
06:27:55 AM     0    180443    0.50    4.50    0.00    0.00    5.00     2  dns-firewall
06:27:57 AM     0    180443    0.00    4.50    0.00    0.00    4.50     2  dns-firewall
06:27:59 AM     0    180443    0.50    4.50    0.00    0.00    5.00     2  dns-firewall
06:28:01 AM     0    180443    0.50    4.50    0.00    0.50    5.00     2  dns-firewall
06:28:03 AM     0    180443    0.00    4.50    0.00    0.00    4.50     3  dns-firewall
06:28:05 AM     0    180443    0.50    4.50    0.00    0.00    5.00     2  dns-firewall
06:28:07 AM     0    180443    0.00    5.00    0.00    0.00    5.00     2  dns-firewall
06:28:09 AM     0    180443    0.50    4.50    0.00    0.00    5.00     3  dns-firewall
06:28:11 AM     0    180443    0.00    5.00    0.00    0.00    5.00     0  dns-firewall
06:28:13 AM     0    180443    0.50    5.50    0.00    0.50    6.00     1  dns-firewall
06:28:15 AM     0    180443    0.50    5.50    0.00    0.00    6.00     1  dns-firewall
06:28:17 AM     0    180443    0.50    6.00    0.00    0.00    6.50     0  dns-firewall
06:28:19 AM     0    180443    0.00    5.50    0.00    0.50    5.50     1  dns-firewall
06:28:21 AM     0    180443    0.50    6.00    0.00    0.00    6.50     1  dns-firewall
06:28:23 AM     0    180443    0.50    5.50    0.00    0.00    6.00     0  dns-firewall
06:28:25 AM     0    180443    0.00    6.00    0.00    0.00    6.00     0  dns-firewall
06:28:27 AM     0    180443    0.50    5.50    0.00    0.00    6.00     1  dns-firewall
06:28:29 AM     0    180443    0.50    5.50    0.00    0.50    6.00     0  dns-firewall
06:28:31 AM     0    180443    0.50    6.00    0.00    0.00    6.50     1  dns-firewall
06:28:33 AM     0    180443    0.00    5.50    0.00    0.00    5.50     1  dns-firewall
06:28:35 AM     0    180443    0.50    5.50    0.00    0.50    6.00     0  dns-firewall
06:28:37 AM     0    180443    0.50    6.00    0.00    0.00    6.50     1  dns-firewall
06:28:39 AM     0    180443    0.00    5.47    0.00    0.00    5.47     0  dns-firewall
06:28:41 AM     0    180443    0.00    6.00    0.00    0.00    6.00     0  dns-firewall
06:28:43 AM     0    180443    0.00    5.50    0.00    0.00    5.50     1  dns-firewall
06:28:45 AM     0    180443    0.00    6.00    0.00    0.00    6.00     1  dns-firewall
06:28:47 AM     0    180443    0.00    6.00    0.00    0.50    6.00     0  dns-firewall
06:28:49 AM     0    180443    0.00    6.00    0.00    0.00    6.00     0  dns-firewall
06:28:51 AM     0    180443    0.00    6.00    0.00    0.50    6.00     1  dns-firewall
06:28:53 AM     0    180443    0.50    5.00    0.00    0.00    5.50     1  dns-firewall
06:28:55 AM     0    180443    0.00    5.00    0.00    0.00    5.00     0  dns-firewall
06:28:57 AM     0    180443    0.50    4.50    0.00    0.50    5.00     0  dns-firewall
06:28:59 AM     0    180443    0.00    4.50    0.00    0.00    4.50     1  dns-firewall
06:29:01 AM     0    180443    0.50    4.00    0.00    0.00    4.50     1  dns-firewall
06:29:03 AM     0    180443    0.00    5.00    0.00    0.50    5.00     1  dns-firewall
06:29:05 AM     0    180443    0.50    5.00    0.00    0.00    5.50     1  dns-firewall
06:29:07 AM     0    180443    0.50    5.50    0.00    0.00    6.00     1  dns-firewall
06:29:09 AM     0    180443    0.00    5.50    0.00    0.50    5.50     0  dns-firewall
06:29:11 AM     0    180443    0.50    5.50    0.00    0.00    6.00     3  dns-firewall
06:29:13 AM     0    180443    0.50    5.50    0.00    0.00    6.00     3  dns-firewall
06:29:15 AM     0    180443    0.00    5.00    0.00    0.00    5.00     1  dns-firewall
06:29:17 AM     0    180443    0.50    5.50    0.00    0.50    6.00     0  dns-firewall
06:29:19 AM     0    180443    0.00    5.50    0.00    0.00    5.50     0  dns-firewall
06:29:21 AM     0    180443    0.50    5.50    0.00    0.00    6.00     1  dns-firewall
06:29:23 AM     0    180443    0.50    5.50    0.00    0.00    6.00     0  dns-firewall
06:29:25 AM     0    180443    0.00    5.50    0.00    0.00    5.50     1  dns-firewall
06:29:27 AM     0    180443    0.00    5.50    0.00    0.50    5.50     0  dns-firewall
06:29:29 AM     0    180443    0.00    5.97    0.00    0.00    5.97     0  dns-firewall
06:29:31 AM     0    180443    0.00    6.00    0.00    0.00    6.00     0  dns-firewall
06:29:33 AM     0    180443    0.00    5.50    0.00    0.00    5.50     0  dns-firewall
06:29:35 AM     0    180443    0.00    5.50    0.00    0.50    5.50     0  dns-firewall
06:29:37 AM     0    180443    0.00    6.00    0.00    0.00    6.00     1  dns-firewall
06:29:39 AM     0    180443    0.00    5.50    0.00    0.00    5.50     0  dns-firewall
06:29:41 AM     0    180443    0.00    1.50    0.00    0.00    1.50     0  dns-firewall
06:29:43 AM     0    180443    0.00    0.00    0.00    0.00    0.00     0  dns-firewall
06:29:45 AM     0    180443    0.00    0.00    0.00    0.00    0.00     0  dns-firewall
06:29:47 AM     0    180443    0.00    0.00    0.00    0.00    0.00     0  dns-firewall
06:29:49 AM     0    180443    0.00    0.00    0.00    0.00    0.00     0  dns-firewall
06:29:51 AM     0    180443    0.00    0.00    0.00    0.00    0.00     0  dns-firewall
06:29:53 AM     0    180443    0.00    0.00    0.00    0.00    0.00     0  dns-firewall
06:29:55 AM     0    180443    0.00    0.00    0.00    0.00    0.00     0  dns-firewall
06:29:57 AM     0    180443    0.00    0.00    0.00    0.00    0.00     0  dns-firewall
06:29:59 AM     0    180443    0.00    0.00    0.00    0.00    0.00     0  dns-firewall
06:30:01 AM     0    180443    0.00    0.00    0.00    0.00    0.00     0  dns-firewall
06:30:03 AM     0    180443    0.00    0.00    0.00    0.00    0.00     0  dns-firewall
06:30:05 AM     0    180443    0.00    0.00    0.00    0.00    0.00     0  dns-firewall
06:30:07 AM     0    180443    0.00    0.00    0.00    0.00    0.00     0  dns-firewall
06:30:09 AM     0    180443    0.00    0.00    0.00    0.00    0.00     0  dns-firewall
06:30:11 AM     0    180443    0.00    0.00    0.00    0.00    0.00     0  dns-firewall
06:30:13 AM     0    180443    0.00    0.00    0.00    0.00    0.00     0  dns-firewall
06:30:15 AM     0    180443    0.00    0.00    0.00    0.00    0.00     0  dns-firewall
06:30:17 AM     0    180443    0.00    0.00    0.00    0.00    0.00     0  dns-firewall
06:30:19 AM     0    180443    0.00    0.00    0.00    0.00    0.00     0  dns-firewall
06:30:21 AM     0    180443    0.00    0.00    0.00    0.00    0.00     0  dns-firewall
06:30:23 AM     0    180443    0.00    0.00    0.00    0.00    0.00     0  dns-firewall
06:30:25 AM     0    180443    0.00    0.00    0.00    0.00    0.00     0  dns-firewall
06:30:27 AM     0    180443    0.00    0.00    0.00    0.00    0.00     0  dns-firewall
06:30:29 AM     0    180443    0.00    0.00    0.00    0.00    0.00     0  dns-firewall
06:30:31 AM     0    180443    0.00    0.00    0.00    0.00    0.00     0  dns-firewall
06:30:33 AM     0    180443    0.00    0.00    0.00    0.00    0.00     0  dns-firewall
06:30:35 AM     0    180443    0.00    0.00    0.00    0.00    0.00     0  dns-firewall
06:30:37 AM     0    180443    0.00    0.00    0.00    0.00    0.00     0  dns-firewall
06:30:39 AM     0    180443    0.00    0.00    0.00    0.00    0.00     0  dns-firewall
06:30:41 AM     0    180443    0.00    0.00    0.00    0.00    0.00     0  dns-firewall
06:30:43 AM     0    180443    0.00    0.00    0.00    0.00    0.00     0  dns-firewall
06:30:45 AM     0    180443    0.00    0.00    0.00    0.00    0.00     0  dns-firewall
06:30:47 AM     0    180443    0.00    0.00    0.00    0.00    0.00     0  dns-firewall
06:30:49 AM     0    180443    0.00    0.00    0.00    0.00    0.00     0  dns-firewall
06:30:51 AM     0    180443    0.00    0.00    0.00    0.00    0.00     0  dns-firewall
06:30:53 AM     0    180443    0.00    0.00    0.00    0.00    0.00     0  dns-firewall
06:30:55 AM     0    180443    0.00    0.00    0.00    0.00    0.00     0  dns-firewall
06:30:57 AM     0    180443    0.00    0.00    0.00    0.00    0.00     0  dns-firewall
06:30:59 AM     0    180443    0.00    0.00    0.00    0.00    0.00     0  dns-firewall
06:31:01 AM     0    180443    0.00    0.00    0.00    0.00    0.00     0  dns-firewall
06:31:03 AM     0    180443    0.00    0.00    0.00    0.00    0.00     0  dns-firewall
06:31:05 AM     0    180443    0.00    0.00    0.00    0.00    0.00     0  dns-firewall
06:31:07 AM     0    180443    0.00    0.00    0.00    0.00    0.00     0  dns-firewall
06:31:09 AM     0    180443    0.00    0.00    0.00    0.00    0.00     0  dns-firewall
06:31:11 AM     0    180443    0.00    0.00    0.00    0.00    0.00     0  dns-firewall
06:31:13 AM     0    180443    0.00    0.00    0.00    0.00    0.00     0  dns-firewall
06:31:15 AM     0    180443    0.00    0.00    0.00    0.00    0.00     0  dns-firewall
06:31:17 AM     0    180443    0.00    0.00    0.00    0.00    0.00     0  dns-firewall
06:31:19 AM     0    180443    0.00    0.00    0.00    0.00    0.00     0  dns-firewall
06:31:21 AM     0    180443    0.00    0.00    0.00    0.00    0.00     0  dns-firewall
06:31:23 AM     0    180443    0.00    1.00    0.00    0.00    1.00     0  dns-firewall
06:31:25 AM     0    180443    2.50    0.00    0.00    0.00    2.50     1  dns-firewall
06:31:27 AM     0    180443    1.50    0.00    0.00    0.00    1.50     1  dns-firewall
06:31:29 AM     0    180443    1.50    0.00    0.00    0.00    1.50     2  dns-firewall
06:31:31 AM     0    180443    1.00    0.00    0.00    0.00    1.00     3  dns-firewall
06:31:33 AM     0    180443    1.50    0.00    0.00    0.00    1.50     2  dns-firewall
06:31:35 AM     0    180443    1.50    0.00    0.00    0.00    1.50     2  dns-firewall
06:31:37 AM     0    180443    1.50    0.00    0.00    0.00    1.50     1  dns-firewall
06:31:39 AM     0    180443    1.00    0.00    0.00    0.00    1.00     1  dns-firewall
06:31:41 AM     0    180443    1.00    0.00    0.00    0.00    1.00     1  dns-firewall
06:31:43 AM     0    180443    1.50    0.00    0.00    0.50    1.50     1  dns-firewall
06:31:45 AM     0    180443    1.00    0.00    0.00    0.00    1.00     3  dns-firewall
06:31:47 AM     0    180443    1.50    0.00    0.00    0.00    1.50     3  dns-firewall
06:31:49 AM     0    180443    6.50    0.00    0.00    0.00    6.50     1  dns-firewall
06:31:51 AM     0    180443   12.50    0.00    0.00    0.00   12.50     1  dns-firewall
06:31:53 AM     0    180443   13.50    0.00    0.00    0.00   13.50     1  dns-firewall
06:31:55 AM     0    180443   14.00    0.00    0.00    0.00   14.00     1  dns-firewall
06:31:57 AM     0    180443   13.50    0.00    0.00    0.00   13.50     1  dns-firewall
06:31:59 AM     0    180443   14.50    0.00    0.00    0.00   14.50     1  dns-firewall
06:32:01 AM     0    180443   14.00    0.00    0.00    0.00   14.00     0  dns-firewall
06:32:03 AM     0    180443   12.00    0.00    0.00    0.00   12.00     0  dns-firewall
06:32:05 AM     0    180443   13.00    0.00    0.00    0.00   13.00     0  dns-firewall
06:32:07 AM     0    180443   14.50    0.00    0.00    0.00   14.50     0  dns-firewall
06:32:09 AM     0    180443   13.93    0.00    0.00    0.00   13.93     2  dns-firewall
06:32:11 AM     0    180443   13.00    0.00    0.00    0.00   13.00     3  dns-firewall
06:32:13 AM     0    180443   12.00    0.00    0.00    0.00   12.00     2  dns-firewall
06:32:15 AM     0    180443   13.00    0.00    0.00    0.00   13.00     2  dns-firewall
06:32:17 AM     0    180443   11.00    0.00    0.00    0.00   11.00     3  dns-firewall
06:32:19 AM     0    180443   13.50    0.00    0.00    0.00   13.50     2  dns-firewall
06:32:21 AM     0    180443   13.50    0.00    0.00    0.00   13.50     2  dns-firewall
06:32:23 AM     0    180443   14.00    0.00    0.00    0.00   14.00     3  dns-firewall
06:32:25 AM     0    180443   14.50    0.00    0.00    0.00   14.50     3  dns-firewall
06:32:27 AM     0    180443   13.00    0.00    0.00    0.00   13.00     3  dns-firewall
06:32:29 AM     0    180443   14.00    0.00    0.00    0.00   14.00     3  dns-firewall
06:32:31 AM     0    180443   11.50    0.00    0.00    0.00   11.50     3  dns-firewall
06:32:33 AM     0    180443    1.00    0.00    0.00    0.00    1.00     2  dns-firewall
06:32:35 AM     0    180443    1.50    0.00    0.00    0.00    1.50     1  dns-firewall
06:32:37 AM     0    180443    1.50    0.00    0.00    0.00    1.50     0  dns-firewall
06:32:39 AM     0    180443    1.00    0.00    0.00    0.00    1.00     0  dns-firewall
06:32:41 AM     0    180443    1.50    0.00    0.00    0.00    1.50     1  dns-firewall
06:32:43 AM     0    180443    1.00    0.00    0.00    0.00    1.00     0  dns-firewall
06:32:45 AM     0    180443    1.50    0.00    0.00    0.00    1.50     0  dns-firewall
06:32:47 AM     0    180443    1.50    0.00    0.00    0.00    1.50     3  dns-firewall
06:32:49 AM     0    180443    1.00    0.00    0.00    0.00    1.00     1  dns-firewall
06:32:51 AM     0    180443    1.50    0.00    0.00    0.00    1.50     1  dns-firewall
06:32:53 AM     0    180443    1.00    0.00    0.00    0.00    1.00     1  dns-firewall
06:32:55 AM     0    180443    1.50    0.00    0.00    0.00    1.50     0  dns-firewall
06:32:57 AM     0    180443    1.50    0.00    0.00    0.00    1.50     1  dns-firewall
06:32:59 AM     0    180443    1.50    0.00    0.00    0.00    1.50     1  dns-firewall
06:33:01 AM     0    180443    1.00    0.00    0.00    0.00    1.00     1  dns-firewall
06:33:03 AM     0    180443    1.50    0.00    0.00    0.00    1.50     1  dns-firewall
06:33:05 AM     0    180443    1.00    0.00    0.00    0.00    1.00     1  dns-firewall
06:33:07 AM     0    180443    1.50    0.00    0.00    0.00    1.50     0  dns-firewall
06:33:09 AM     0    180443    1.49    0.00    0.00    0.00    1.49     1  dns-firewall
06:33:11 AM     0    180443    1.00    0.00    0.00    0.00    1.00     1  dns-firewall
06:33:13 AM     0    180443    1.50    0.00    0.00    0.00    1.50     2  dns-firewall
06:33:15 AM     0    180443    1.00    0.00    0.00    0.00    1.00     3  dns-firewall
06:33:17 AM     0    180443    1.50    0.00    0.00    0.00    1.50     3  dns-firewall
06:33:19 AM     0    180443    1.50    0.00    0.00    0.00    1.50     2  dns-firewall
06:33:21 AM     0    180443    1.00    0.00    0.00    0.00    1.00     2  dns-firewall
06:33:23 AM     0    180443    1.50    0.00    0.00    0.00    1.50     2  dns-firewall
06:33:25 AM     0    180443    1.50    0.00    0.00    0.00    1.50     3  dns-firewall
06:33:27 AM     0    180443    1.50    0.00    0.00    0.00    1.50     2  dns-firewall
06:33:29 AM     0    180443    1.50    0.00    0.00    0.00    1.50     2  dns-firewall
06:33:31 AM     0    180443    1.00    0.00    0.00    0.00    1.00     2  dns-firewall
06:33:33 AM     0    180443    1.50    0.00    0.00    0.00    1.50     2  dns-firewall
06:33:35 AM     0    180443    1.00    0.00    0.00    0.00    1.00     3  dns-firewall
06:33:37 AM     0    180443    1.50    0.00    0.00    0.50    1.50     3  dns-firewall
06:33:39 AM     0    180443    1.50    0.00    0.00    0.00    1.50     0  dns-firewall
06:33:41 AM     0    180443    1.00    0.00    0.00    0.00    1.00     0  dns-firewall
06:33:43 AM     0    180443    1.50    0.00    0.00    0.00    1.50     0  dns-firewall
06:33:45 AM     0    180443    1.50    0.00    0.00    0.00    1.50     0  dns-firewall
06:33:47 AM     0    180443    1.00    0.00    0.00    0.00    1.00     0  dns-firewall
06:33:49 AM     0    180443    1.49    0.00    0.00    0.00    1.49     3  dns-firewall
06:33:51 AM     0    180443    1.50    0.00    0.00    0.00    1.50     1  dns-firewall
06:33:53 AM     0    180443    1.50    0.00    0.00    0.00    1.50     0  dns-firewall
06:33:55 AM     0    180443    1.50    0.00    0.00    0.00    1.50     0  dns-firewall
06:33:57 AM     0    180443    1.50    0.00    0.00    0.00    1.50     1  dns-firewall
06:33:59 AM     0    180443    1.00    0.00    0.00    0.00    1.00     1  dns-firewall
06:34:01 AM     0    180443    1.50    0.00    0.00    0.00    1.50     0  dns-firewall
06:34:03 AM     0    180443    1.00    0.00    0.00    0.00    1.00     0  dns-firewall
06:34:05 AM     0    180443    1.50    0.00    0.00    0.00    1.50     0  dns-firewall
06:34:07 AM     0    180443    1.00    0.00    0.00    0.00    1.00     1  dns-firewall
06:34:09 AM     0    180443    1.50    0.00    0.00    0.00    1.50     0  dns-firewall
06:34:11 AM     0    180443    1.00    0.00    0.00    0.00    1.00     1  dns-firewall
06:34:13 AM     0    180443    1.50    0.00    0.00    0.50    1.50     1  dns-firewall
06:34:15 AM     0    180443    1.00    0.00    0.00    0.00    1.00     0  dns-firewall
06:34:17 AM     0    180443    1.50    0.00    0.00    0.00    1.50     1  dns-firewall
06:34:19 AM     0    180443    1.50    0.00    0.00    0.00    1.50     1  dns-firewall
06:34:21 AM     0    180443    1.00    0.00    0.00    0.00    1.00     0  dns-firewall
06:34:23 AM     0    180443    1.00    0.00    0.00    0.00    1.00     1  dns-firewall
06:34:25 AM     0    180443    0.00    0.00    0.00    0.00    0.00     1  dns-firewall
06:34:27 AM     0    180443    0.00    0.00    0.00    0.00    0.00     1  dns-firewall
06:34:29 AM     0    180443    0.00    0.00    0.00    0.00    0.00     1  dns-firewall
06:34:31 AM     0    180443    0.00    0.00    0.00    0.00    0.00     1  dns-firewall
06:34:33 AM     0    180443    0.00    0.00    0.00    0.00    0.00     1  dns-firewall
06:34:35 AM     0    180443    0.00    0.00    0.00    0.00    0.00     1  dns-firewall
06:34:37 AM     0    180443    0.00    0.00    0.00    0.00    0.00     1  dns-firewall
06:34:39 AM     0    180443    0.00    0.00    0.00    0.00    0.00     1  dns-firewall
06:34:41 AM     0    180443    0.00    0.00    0.00    0.00    0.00     1  dns-firewall
06:34:43 AM     0    180443    0.00    0.00    0.00    0.00    0.00     1  dns-firewall
06:34:45 AM     0    180443    0.00    0.00    0.00    0.00    0.00     1  dns-firewall
06:34:47 AM     0    180443    0.00    0.00    0.00    0.00    0.00     1  dns-firewall
06:34:49 AM     0    180443    0.00    0.00    0.00    0.00    0.00     1  dns-firewall
06:34:51 AM     0    180443    0.00    0.00    0.00    0.00    0.00     1  dns-firewall
06:34:53 AM     0    180443    0.00    0.00    0.00    0.00    0.00     1  dns-firewall
06:34:55 AM     0    180443    0.00    0.00    0.00    0.00    0.00     1  dns-firewall
06:34:57 AM     0    180443    0.00    0.00    0.00    0.00    0.00     1  dns-firewall
06:34:59 AM     0    180443    0.00    0.00    0.00    0.00    0.00     1  dns-firewall
06:35:01 AM     0    180443    0.00    0.00    0.00    0.00    0.00     1  dns-firewall
06:35:03 AM     0    180443    0.00    0.00    0.00    0.00    0.00     1  dns-firewall
06:35:05 AM     0    180443    0.00    0.00    0.00    0.00    0.00     1  dns-firewall
06:35:07 AM     0    180443    0.00    0.00    0.00    0.00    0.00     1  dns-firewall
